SF:lib/src/layout.dart
DA:9,6
DA:14,6
DA:15,6
LF:3
LH:3
end_of_record
SF:lib/src/layout_element.dart
DA:9,6
DA:13,5
DA:14,5
DA:16,5
DA:17,15
DA:19,1
DA:21,1
DA:23,2
DA:24,1
DA:25,1
DA:26,1
DA:29,1
DA:31,1
DA:33,2
DA:36,1
DA:38,1
DA:40,2
DA:41,1
DA:44,5
DA:46,10
DA:48,5
DA:51,5
DA:53,5
DA:55,5
DA:56,5
DA:57,5
DA:58,5
DA:61,5
DA:64,5
DA:65,20
DA:66,5
DA:67,5
DA:68,10
DA:69,5
DA:70,5
DA:72,5
DA:75,5
DA:78,1
DA:80,2
DA:82,1
DA:85,1
DA:87,1
DA:89,1
DA:90,1
DA:92,1
LF:45
LH:45
end_of_record
SF:lib/src/layout_model.dart
DA:12,1
DA:15,2
DA:16,1
DA:17,1
DA:21,1
DA:23,1
DA:26,4
DA:29,8
DA:30,4
DA:31,1
DA:35,4
DA:37,4
DA:40,1
DA:42,1
DA:44,4
DA:48,0
DA:52,4
DA:56,0
DA:60,0
DA:64,4
DA:68,4
DA:72,1
DA:74,1
DA:77,1
DA:79,1
DA:87,1
DA:90,1
LF:27
LH:24
end_of_record
SF:lib/src/mixin/automatic_keep_alive_layout.dart
DA:17,1
DA:19,1
DA:20,1
DA:21,1
DA:24,1
DA:25,1
DA:30,1
DA:32,1
DA:34,1
DA:35,1
DA:39,1
DA:41,1
DA:42,1
DA:45,1
DA:48,1
DA:49,1
DA:50,2
DA:51,4
DA:54,1
DA:55,2
DA:56,1
LF:21
LH:21
end_of_record
SF:lib/src/mixin/single_ticker_provider_layout.dart
DA:11,1
DA:13,2
DA:14,1
DA:17,2
DA:18,1
DA:19,2
DA:21,1
DA:24,1
DA:30,1
DA:32,2
DA:34,2
DA:37,1
DA:38,1
DA:43,0
DA:45,0
DA:47,0
DA:48,0
DA:51,1
DA:53,2
DA:54,3
DA:57,2
DA:58,2
DA:59,2
DA:60,1
DA:64,1
DA:69,2
DA:71,1
DA:73,3
DA:74,1
DA:76,1
DA:79,5
DA:81,1
DA:82,2
DA:83,2
DA:87,1
DA:88,2
DA:89,1
DA:92,1
DA:94,1
DA:96,1
DA:97,2
DA:98,4
DA:99,2
DA:101,0
LF:44
LH:39
end_of_record
SF:lib/src/mixin/ticker_provider_layout.dart
DA:11,1
DA:13,1
DA:15,1
DA:18,1
DA:20,1
DA:23,2
DA:24,3
DA:26,2
DA:31,0
DA:33,0
DA:35,0
DA:36,0
DA:39,1
DA:41,2
DA:42,1
DA:43,3
DA:44,1
DA:45,2
DA:46,2
DA:47,2
DA:48,1
DA:52,1
DA:57,1
DA:63,1
DA:65,3
DA:66,1
DA:68,1
DA:71,0
DA:72,0
DA:73,0
DA:75,0
DA:76,0
DA:81,1
DA:82,2
DA:83,2
DA:87,1
DA:88,2
DA:89,1
DA:92,1
DA:93,1
DA:94,2
DA:95,2
DA:98,1
DA:100,1
DA:102,1
DA:103,1
DA:105,1
DA:106,1
DA:107,5
DA:108,1
DA:122,1
DA:128,1
DA:130,2
DA:132,1
LF:54
LH:45
end_of_record
