SF:lib/src/layout.dart
DA:10,7
DA:15,7
DA:16,7
LF:3
LH:3
end_of_record
SF:lib/src/layout_controller.dart
DA:7,1
DA:8,2
DA:10,1
DA:11,2
DA:13,1
DA:14,2
DA:16,1
DA:17,2
DA:19,1
DA:20,2
DA:22,1
DA:23,2
LF:12
LH:12
end_of_record
SF:lib/src/base_layout_controller.dart
DA:15,1
DA:18,2
DA:19,1
DA:20,1
DA:24,1
DA:26,1
DA:29,5
DA:32,10
DA:33,5
DA:34,1
DA:38,5
DA:40,5
DA:43,1
DA:45,1
DA:47,5
DA:51,0
DA:55,5
DA:59,0
DA:63,0
DA:67,5
DA:71,5
DA:75,1
DA:77,1
DA:80,1
DA:82,1
DA:90,1
DA:93,1
LF:27
LH:24
end_of_record
SF:lib/src/layout_element.dart
DA:9,7
DA:13,6
DA:14,6
DA:16,6
DA:17,18
DA:19,1
DA:21,1
DA:23,2
DA:24,1
DA:25,1
DA:26,1
DA:29,1
DA:31,1
DA:33,2
DA:36,1
DA:38,1
DA:40,2
DA:41,1
DA:44,6
DA:46,12
DA:48,6
DA:51,6
DA:53,6
DA:55,6
DA:56,6
DA:57,6
DA:58,6
DA:61,6
DA:64,6
DA:65,24
DA:66,6
DA:67,6
DA:68,12
DA:69,6
DA:70,6
DA:72,6
DA:75,6
DA:78,1
DA:80,2
DA:82,1
DA:85,1
DA:87,1
DA:89,1
DA:90,1
DA:92,1
LF:45
LH:45
end_of_record
SF:lib/src/mixin/automatic_keep_alive_layout_mixin.dart
DA:17,1
DA:19,1
DA:20,1
DA:21,1
DA:24,1
DA:25,1
DA:30,1
DA:32,1
DA:34,1
DA:35,1
DA:39,1
DA:41,1
DA:42,1
DA:45,1
DA:48,1
DA:49,1
DA:50,2
DA:51,4
DA:54,1
DA:55,2
DA:56,1
LF:21
LH:21
end_of_record
SF:lib/src/mixin/single_ticker_provider_layout_mixin.dart
DA:12,1
DA:14,2
DA:15,1
DA:18,2
DA:19,1
DA:20,2
DA:22,1
DA:25,1
DA:31,1
DA:33,2
DA:35,2
DA:38,1
DA:39,1
DA:44,0
DA:46,0
DA:48,0
DA:49,0
DA:52,1
DA:54,2
DA:55,3
DA:58,2
DA:59,2
DA:60,2
DA:61,1
DA:65,1
DA:70,2
DA:72,1
DA:74,3
DA:75,1
DA:77,1
DA:80,5
DA:82,1
DA:83,2
DA:84,2
DA:88,1
DA:89,2
DA:90,1
DA:93,1
DA:95,1
DA:97,1
DA:98,2
DA:99,4
DA:100,2
DA:102,0
LF:44
LH:39
end_of_record
SF:lib/src/mixin/ticker_provider_layout_mixin.dart
DA:12,1
DA:14,1
DA:16,1
DA:19,1
DA:21,1
DA:24,2
DA:25,3
DA:27,2
DA:32,0
DA:34,0
DA:36,0
DA:37,0
DA:40,1
DA:42,2
DA:43,1
DA:44,3
DA:45,1
DA:46,2
DA:47,2
DA:48,2
DA:49,1
DA:53,1
DA:58,1
DA:64,1
DA:66,3
DA:67,1
DA:69,1
DA:72,0
DA:73,0
DA:74,0
DA:76,0
DA:77,0
DA:82,1
DA:83,2
DA:84,2
DA:88,1
DA:89,2
DA:90,1
DA:93,1
DA:94,1
DA:95,2
DA:96,2
DA:99,1
DA:101,1
DA:103,1
DA:104,1
DA:106,1
DA:107,1
DA:108,5
DA:109,1
DA:123,1
DA:129,1
DA:131,2
DA:133,1
LF:54
LH:45
end_of_record
